<?xml version="1.0" encoding="UTF-8"?>
<!-- Generated by org.testng.reporters.JUnitReportReporter -->
<testsuite hostname="KisanAbhi-PC" name="com.uiFramework.KisanForum.KisanNetWeb.testScripts.Search.SearchExistingChannelOnHomePage" tests="1" failures="0" timestamp="9 Apr 2019 13:03:10 GMT" time="41.258" errors="0">
  <testcase name="searchExistingChannelOnHomePage" time="41.258" classname="com.uiFramework.KisanForum.KisanNetWeb.testScripts.Search.SearchExistingChannelOnHomePage"/>
</testsuite> <!-- com.uiFramework.KisanForum.KisanNetWeb.testScripts.Search.SearchExistingChannelOnHomePage -->
