<?xml version="1.0" encoding="UTF-8"?>
<!-- Generated by org.testng.reporters.JUnitReportReporter -->
<testsuite hostname="KisanAbhi-PC" name="com.uiFramework.KisanForum.KisanNetWeb.testScripts.FollowAndUnFollowChannel.FollowChannelFromProfile" tests="1" failures="0" timestamp="9 Apr 2019 13:03:10 GMT" time="59.669" errors="0">
  <testcase name="followChannelFromProfile" time="59.669" classname="com.uiFramework.KisanForum.KisanNetWeb.testScripts.FollowAndUnFollowChannel.FollowChannelFromProfile"/>
</testsuite> <!-- com.uiFramework.KisanForum.KisanNetWeb.testScripts.FollowAndUnFollowChannel.FollowChannelFromProfile -->
