<?xml version="1.0" encoding="UTF-8"?>
<!-- Generated by org.testng.reporters.JUnitReportReporter -->
<testsuite hostname="KisanAbhi-PC" name="com.uiFramework.KisanForum.KisanNetWeb.testScripts.Messaging.SendOneToOneTextMessageToFollower" tests="1" failures="0" timestamp="4 Oct 2019 11:06:19 GMT" time="66.882" errors="0">
  <testcase name="sendTextMessageToAdmin" time="66.882" classname="com.uiFramework.KisanForum.KisanNetWeb.testScripts.Messaging.SendOneToOneTextMessageToFollower"/>
</testsuite> <!-- com.uiFramework.KisanForum.KisanNetWeb.testScripts.Messaging.SendOneToOneTextMessageToFollower -->
