<?xml version="1.0" encoding="UTF-8"?>
<!-- Generated by org.testng.reporters.JUnitReportReporter -->
<testsuite hostname="KisanAbhi-PC" name="com.uiFramework.KisanForum.KisanNetWeb.testScripts.Invitations.AppDownloadInviteToInvalidNumber" tests="1" failures="0" timestamp="31 Dec 2018 06:59:55 GMT" time="16.889" errors="0">
  <testcase name="inviteManuallyToLessThanTenDigitNumber" time="16.889" classname="com.uiFramework.KisanForum.KisanNetWeb.testScripts.Invitations.AppDownloadInviteToInvalidNumber"/>
</testsuite> <!-- com.uiFramework.KisanForum.KisanNetWeb.testScripts.Invitations.AppDownloadInviteToInvalidNumber -->
