<?xml version="1.0" encoding="UTF-8"?>
<!-- Generated by org.testng.reporters.JUnitReportReporter -->
<testsuite hostname="KisanAbhi-PC" name="com.uiFramework.KisanForum.KisanNetWeb.testScripts.Verifications.VerifySupportPage" tests="1" failures="0" timestamp="9 Apr 2019 08:32:40 GMT" time="96.641" errors="0">
  <testcase name="verifySupportPage" time="96.641" classname="com.uiFramework.KisanForum.KisanNetWeb.testScripts.Verifications.VerifySupportPage"/>
</testsuite> <!-- com.uiFramework.KisanForum.KisanNetWeb.testScripts.Verifications.VerifySupportPage -->
