<?xml version="1.0" encoding="UTF-8"?>
<!-- Generated by org.testng.reporters.JUnitReportReporter -->
<testsuite hostname="KisanAbhi-PC" name="com.uiFramework.KisanForum.KisanNetWeb.testScripts.Messaging.SendDocumentToAdmin" tests="1" failures="0" timestamp="10 Apr 2019 11:53:46 GMT" time="99.166" errors="0">
  <testcase name="sendDocumentToAdmin" time="99.166" classname="com.uiFramework.KisanForum.KisanNetWeb.testScripts.Messaging.SendDocumentToAdmin"/>
</testsuite> <!-- com.uiFramework.KisanForum.KisanNetWeb.testScripts.Messaging.SendDocumentToAdmin -->
