<?xml version="1.0" encoding="UTF-8"?>
<!-- Generated by org.testng.reporters.JUnitReportReporter -->
<testsuite hostname="KisanAbhi-PC" name="com.uiFramework.KisanForum.KisanNetWeb.testScripts.Messaging.SendDocumentToFollowers" tests="1" failures="0" timestamp="24 Dec 2019 09:42:25 GMT" time="66.612" errors="0">
  <testcase name="sendDocumentToFollowers" time="66.612" classname="com.uiFramework.KisanForum.KisanNetWeb.testScripts.Messaging.SendDocumentToFollowers"/>
</testsuite> <!-- com.uiFramework.KisanForum.KisanNetWeb.testScripts.Messaging.SendDocumentToFollowers -->
