<?xml version="1.0" encoding="UTF-8"?>
<!-- Generated by org.testng.reporters.JUnitReportReporter -->
<testsuite hostname="KisanAbhi-PC" name="com.uiFramework.KisanForum.KisanNetWeb.testScripts.Invitations.FollowChannelInviteToValidNumber" tests="1" failures="0" timestamp="14 Jan 2019 09:53:22 GMT" time="312.941" errors="0">
  <testcase name="inviteToFollowChannelWithValidNumber" time="312.941" classname="com.uiFramework.KisanForum.KisanNetWeb.testScripts.Invitations.FollowChannelInviteToValidNumber"/>
</testsuite> <!-- com.uiFramework.KisanForum.KisanNetWeb.testScripts.Invitations.FollowChannelInviteToValidNumber -->
