<?xml version="1.0" encoding="UTF-8"?>
<!-- Generated by org.testng.reporters.JUnitReportReporter -->
<testsuite hostname="KisanAbhi-PC" name="com.uiFramework.KisanForum.KisanNetWeb.testScripts.Search.SearchExistingChannelOnDiscoverPage" tests="1" failures="0" timestamp="9 Apr 2019 13:03:10 GMT" time="64.140" errors="0">
  <testcase name="searchExistingChannelOnDiscoverPage" time="64.140" classname="com.uiFramework.KisanForum.KisanNetWeb.testScripts.Search.SearchExistingChannelOnDiscoverPage"/>
</testsuite> <!-- com.uiFramework.KisanForum.KisanNetWeb.testScripts.Search.SearchExistingChannelOnDiscoverPage -->
