<?xml version="1.0" encoding="UTF-8"?>
<!-- Generated by org.testng.reporters.JUnitReportReporter -->
<testsuite hostname="KisanAbhi-PC" name="com.uiFramework.KisanForum.KisanNetWeb.testScripts.FollowAndUnFollowChannel.FollowChannelFromDiscoverPage" tests="1" failures="0" timestamp="17 Jan 2019 12:58:37 GMT" time="35.891" errors="0">
  <testcase name="followChannelFromDiscoverPage" time="35.891" classname="com.uiFramework.KisanForum.KisanNetWeb.testScripts.FollowAndUnFollowChannel.FollowChannelFromDiscoverPage"/>
</testsuite> <!-- com.uiFramework.KisanForum.KisanNetWeb.testScripts.FollowAndUnFollowChannel.FollowChannelFromDiscoverPage -->
