<?xml version="1.0" encoding="UTF-8"?>
<!-- Generated by org.testng.reporters.JUnitReportReporter -->
<testsuite hostname="KisanAbhi-PC" name="com.uiFramework.KisanForum.KisanNetWeb.testScripts.Invitations.AppDownloadInviteUsingCSV" tests="1" failures="0" timestamp="14 Jan 2019 12:57:00 GMT" time="40.541" errors="0">
  <testcase name="inviteManuallyToValidNumber" time="40.541" classname="com.uiFramework.KisanForum.KisanNetWeb.testScripts.Invitations.AppDownloadInviteUsingCSV"/>
</testsuite> <!-- com.uiFramework.KisanForum.KisanNetWeb.testScripts.Invitations.AppDownloadInviteUsingCSV -->
