<?xml version="1.0" encoding="UTF-8"?>
<!-- Generated by org.testng.reporters.JUnitReportReporter -->
<testsuite hostname="KisanAbhi-PC" name="com.uiFramework.KisanForum.KisanNetWeb.testScripts.test" tests="1" failures="0" timestamp="22 Jan 2019 07:00:23 GMT" time="0.000" errors="0">
  <testcase name="f" time="0.000" classname="com.uiFramework.KisanForum.KisanNetWeb.testScripts.test"/>
</testsuite> <!-- com.uiFramework.KisanForum.KisanNetWeb.testScripts.test -->
