<?xml version="1.0" encoding="UTF-8"?>
<!-- Generated by org.testng.reporters.JUnitReportReporter -->
<testsuite hostname="KisanAbhi-PC" name="com.uiFramework.KisanForum.KisanNetWeb.testScripts.Messaging.SendVideoToFollower" tests="1" failures="0" timestamp="25 Feb 2019 10:02:55 GMT" time="141.435" errors="0">
  <testcase name="sendImageToFollowers" time="141.435" classname="com.uiFramework.KisanForum.KisanNetWeb.testScripts.Messaging.SendVideoToFollower"/>
</testsuite> <!-- com.uiFramework.KisanForum.KisanNetWeb.testScripts.Messaging.SendVideoToFollower -->
