<?xml version="1.0" encoding="UTF-8"?>
<!-- Generated by org.testng.reporters.JUnitReportReporter -->
<testsuite hostname="KisanAbhi-PC" name="com.uiFramework.KisanForum.KisanNetWeb.testScripts.Invitations.AppDownloadInviteToValidNumber" tests="1" failures="0" timestamp="16 Jan 2019 10:39:06 GMT" time="24.510" errors="0">
  <testcase name="inviteManuallyToValidNumber" time="24.510" classname="com.uiFramework.KisanForum.KisanNetWeb.testScripts.Invitations.AppDownloadInviteToValidNumber"/>
</testsuite> <!-- com.uiFramework.KisanForum.KisanNetWeb.testScripts.Invitations.AppDownloadInviteToValidNumber -->
