<?xml version="1.0" encoding="UTF-8"?>
<!-- Generated by org.testng.reporters.JUnitReportReporter -->
<testsuite hostname="KisanAbhi-PC" name="com.uiFramework.KisanForum.KisanNetWeb.testScripts.Messaging.SendImageToFollowers" tests="1" failures="0" timestamp="24 Dec 2019 09:42:25 GMT" time="83.334" errors="0">
  <testcase name="sendImageToFollowers" time="83.334" classname="com.uiFramework.KisanForum.KisanNetWeb.testScripts.Messaging.SendImageToFollowers"/>
</testsuite> <!-- com.uiFramework.KisanForum.KisanNetWeb.testScripts.Messaging.SendImageToFollowers -->
