<?xml version="1.0" encoding="UTF-8"?>
<!-- Generated by org.testng.reporters.JUnitReportReporter -->
<testsuite hostname="KisanAbhi-PC" name="com.uiFramework.KisanForum.KisanNetWeb.testScripts.Messaging.SendDocumentToAdmin" tests="1" failures="1" timestamp="4 Sep 2019 09:37:00 GMT" time="0.001" errors="0">
  <testcase name="sendDocumentToAdmin" time="0.001" classname="com.uiFramework.KisanForum.KisanNetWeb.testScripts.Messaging.SendDocumentToAdmin">
    <failure type="java.lang.IllegalArgumentException" message="No enum constant com.uiFramework.KisanForum.KisanNetWeb.helper.browserConfiguration.BrowserType.firefox">
      <![CDATA[java.lang.IllegalArgumentException: No enum constant com.uiFramework.KisanForum.KisanNetWeb.helper.browserConfiguration.BrowserType.firefox
	at java.lang.Enum.valueOf(Unknown Source)
	at com.uiFramework.KisanForum.KisanNetWeb.helper.browserConfiguration.BrowserType.valueOf(BrowserType.java:1)
	at com.uiFramework.KisanForum.KisanNetWeb.helper.browserConfiguration.config.PropertyReader.getBrowserType(PropertyReader.java:44)
	at com.uiFramework.KisanForum.KisanNetWeb.testbase.TestBase.beforeMethod(TestBase.java:84)
	at sun.reflect.NativeMethodAccessorImpl.invoke0(Native Method)
	at sun.reflect.NativeMethodAccessorImpl.invoke(Unknown Source)
	at sun.reflect.DelegatingMethodAccessorImpl.invoke(Unknown Source)
	at java.lang.reflect.Method.invoke(Unknown Source)
	at org.testng.internal.MethodInvocationHelper.invokeMethod(MethodInvocationHelper.java:80)
	at org.testng.internal.Invoker.invokeConfigurationMethod(Invoker.java:564)
	at org.testng.internal.Invoker.invokeConfigurations(Invoker.java:213)
	at org.testng.internal.Invoker.invokeMethod(Invoker.java:653)
	at org.testng.internal.Invoker.invokeTestMethod(Invoker.java:901)
	at org.testng.internal.Invoker.invokeTestMethods(Invoker.java:1231)
	at org.testng.internal.TestMethodWorker.invokeTestMethods(TestMethodWorker.java:127)
	at org.testng.internal.TestMethodWorker.run(TestMethodWorker.java:111)
	at java.util.concurrent.ThreadPoolExecutor.runWorker(Unknown Source)
	at java.util.concurrent.ThreadPoolExecutor$Worker.run(Unknown Source)
	at java.lang.Thread.run(Unknown Source)
]]>
    </failure>
  </testcase> <!-- sendDocumentToAdmin -->
</testsuite> <!-- com.uiFramework.KisanForum.KisanNetWeb.testScripts.Messaging.SendDocumentToAdmin -->
