<?xml version="1.0" encoding="UTF-8"?>
<!-- Generated by org.testng.reporters.JUnitReportReporter -->
<testsuite hostname="KisanAbhi-PC" name="com.uiFramework.KisanForum.KisanNetWeb.testScripts.Messaging.SendVideoToFollowers" tests="1" failures="0" timestamp="9 Apr 2019 08:32:40 GMT" time="109.997" errors="0">
  <testcase name="sendVideoToFollowers" time="109.997" classname="com.uiFramework.KisanForum.KisanNetWeb.testScripts.Messaging.SendVideoToFollowers"/>
</testsuite> <!-- com.uiFramework.KisanForum.KisanNetWeb.testScripts.Messaging.SendVideoToFollowers -->
