<?xml version="1.0" encoding="UTF-8"?>
<!-- Generated by org.testng.reporters.JUnitReportReporter -->
<testsuite hostname="KisanAbhi-PC" name="com.uiFramework.KisanForum.KisanNetWeb.testScripts.BrokenLinks" tests="1" failures="0" timestamp="16 Oct 2019 13:38:40 GMT" time="31.586" errors="0">
  <testcase name="inviteManuallyToBlankNumber" time="31.586" classname="com.uiFramework.KisanForum.KisanNetWeb.testScripts.BrokenLinks"/>
</testsuite> <!-- com.uiFramework.KisanForum.KisanNetWeb.testScripts.BrokenLinks -->
