<?xml version="1.0" encoding="UTF-8"?>
<!-- Generated by org.testng.reporters.JUnitReportReporter -->
<testsuite hostname="KisanAbhi-PC" name="com.uiFramework.KisanForum.KisanNetWeb.testScripts.Messaging.SendAudioToAdmin" tests="1" failures="0" timestamp="10 Apr 2019 10:36:13 GMT" time="166.868" errors="0">
  <testcase name="sendAudioToAdmin" time="166.868" classname="com.uiFramework.KisanForum.KisanNetWeb.testScripts.Messaging.SendAudioToAdmin"/>
</testsuite> <!-- com.uiFramework.KisanForum.KisanNetWeb.testScripts.Messaging.SendAudioToAdmin -->
