<?xml version="1.0" encoding="UTF-8"?>
<!-- Generated by org.testng.reporters.JUnitReportReporter -->
<testsuite hostname="KisanAbhi-PC" name="com.uiFramework.KisanForum.KisanNetWeb.testScripts.FollowAndUnFollowChannel.UnfollowChannelFromUserProfile" tests="1" failures="0" timestamp="23 Jan 2019 13:01:37 GMT" time="58.834" errors="0">
  <testcase name="unfollowChannelFromUserProfile" time="58.834" classname="com.uiFramework.KisanForum.KisanNetWeb.testScripts.FollowAndUnFollowChannel.UnfollowChannelFromUserProfile"/>
</testsuite> <!-- com.uiFramework.KisanForum.KisanNetWeb.testScripts.FollowAndUnFollowChannel.UnfollowChannelFromUserProfile -->
