<?xml version="1.0" encoding="UTF-8"?>
<!-- Generated by org.testng.reporters.JUnitReportReporter -->
<testsuite hostname="KisanAbhi-PC" name="com.uiFramework.KisanForum.KisanNetWeb.testScripts.Messaging.SendLocationToFollowers" tests="1" failures="0" timestamp="9 Apr 2019 08:32:39 GMT" time="171.917" errors="0">
  <testcase name="sendLocationToFollowers" time="171.917" classname="com.uiFramework.KisanForum.KisanNetWeb.testScripts.Messaging.SendLocationToFollowers"/>
</testsuite> <!-- com.uiFramework.KisanForum.KisanNetWeb.testScripts.Messaging.SendLocationToFollowers -->
