<?xml version="1.0" encoding="UTF-8"?>
<!-- Generated by org.testng.reporters.JUnitReportReporter -->
<testsuite hostname="KisanAbhi-PC" name="com.uiFramework.KisanForum.KisanNetWeb.testScripts.Invitations.AppDownloadInviteUsingCSV" tests="1" failures="0" timestamp="9 Apr 2019 08:32:40 GMT" time="43.399" errors="0">
  <testcase name="inviteByCSVToValidNumber" time="43.399" classname="com.uiFramework.KisanForum.KisanNetWeb.testScripts.Invitations.AppDownloadInviteUsingCSV"/>
</testsuite> <!-- com.uiFramework.KisanForum.KisanNetWeb.testScripts.Invitations.AppDownloadInviteUsingCSV -->
