<?xml version="1.0" encoding="UTF-8"?>
<!-- Generated by org.testng.reporters.JUnitReportReporter -->
<testsuite hostname="KisanAbhi-PC" name="com.uiFramework.KisanForum.KisanNetWeb.testScripts.Messaging.SendPostToFollowers" tests="2" failures="0" timestamp="9 Apr 2019 08:32:40 GMT" time="271.365" errors="0">
  <testcase name="sendVideoPostToFollowers" time="157.925" classname="com.uiFramework.KisanForum.KisanNetWeb.testScripts.Messaging.SendPostToFollowers"/>
  <testcase name="sendImagePostToFollowers" time="113.440" classname="com.uiFramework.KisanForum.KisanNetWeb.testScripts.Messaging.SendPostToFollowers"/>
</testsuite> <!-- com.uiFramework.KisanForum.KisanNetWeb.testScripts.Messaging.SendPostToFollowers -->
