<?xml version="1.0" encoding="UTF-8"?>
<!-- Generated by org.testng.reporters.JUnitReportReporter -->
<testsuite hostname="KisanAbhi-PC" name="com.uiFramework.KisanForum.KisanNetWeb.testScripts.Messaging.SendAudioToFollowers" tests="1" failures="0" timestamp="9 Apr 2019 08:32:40 GMT" time="144.969" errors="0">
  <testcase name="sendAudioToFollowers" time="144.969" classname="com.uiFramework.KisanForum.KisanNetWeb.testScripts.Messaging.SendAudioToFollowers"/>
</testsuite> <!-- com.uiFramework.KisanForum.KisanNetWeb.testScripts.Messaging.SendAudioToFollowers -->
