<?xml version="1.0" encoding="UTF-8"?>
<!-- Generated by org.testng.reporters.JUnitReportReporter -->
<testsuite hostname="KisanAbhi-PC" name="com.uiFramework.KisanForum.KisanNetWeb.testScripts.Messaging.SendVideoToFollowers" tests="1" failures="0" timestamp="24 Dec 2019 09:42:25 GMT" time="143.892" errors="0">
  <testcase name="sendVideoToFollowers" time="143.892" classname="com.uiFramework.KisanForum.KisanNetWeb.testScripts.Messaging.SendVideoToFollowers"/>
</testsuite> <!-- com.uiFramework.KisanForum.KisanNetWeb.testScripts.Messaging.SendVideoToFollowers -->
