<?xml version="1.0" encoding="UTF-8"?>
<!-- Generated by org.testng.reporters.JUnitReportReporter -->
<testsuite hostname="KisanAbhi-PC" name="com.uiFramework.KisanForum.KisanNetWeb.testScripts.Invitations.FollowChannelInviteToValidNumber" tests="1" failures="0" timestamp="17 Jan 2019 10:08:23 GMT" time="159.092" errors="0">
  <testcase name="inviteToFollowChannelWithValidNumber" time="159.092" classname="com.uiFramework.KisanForum.KisanNetWeb.testScripts.Invitations.FollowChannelInviteToValidNumber"/>
</testsuite> <!-- com.uiFramework.KisanForum.KisanNetWeb.testScripts.Invitations.FollowChannelInviteToValidNumber -->
