<?xml version="1.0" encoding="UTF-8"?>
<!-- Generated by org.testng.reporters.JUnitReportReporter -->
<testsuite hostname="KisanAbhi-PC" name="com.uiFramework.KisanForum.KisanNetWeb.testScripts.Invitations.FollowChannelInviteUsingCSV" tests="1" failures="0" timestamp="17 Jan 2019 10:19:10 GMT" time="62.029" errors="0">
  <testcase name="inviteToFollowChannelByCSV" time="62.029" classname="com.uiFramework.KisanForum.KisanNetWeb.testScripts.Invitations.FollowChannelInviteUsingCSV"/>
</testsuite> <!-- com.uiFramework.KisanForum.KisanNetWeb.testScripts.Invitations.FollowChannelInviteUsingCSV -->
